{
  "stats": {
    "suites": 1,
    "tests": 2,
    "passes": 2,
    "pending": 0,
    "failures": 0,
    "start": "2025-10-23T04:40:38.795Z",
    "end": "2025-10-23T04:41:09.278Z",
    "duration": 30483,
    "testsRegistered": 2,
    "passPercent": 100,
    "pendingPercent": 0,
    "other": 0,
    "hasOther": false,
    "skipped": 0,
    "hasSkipped": false
  },
  "results": [
    {
      "uuid": "c095cc72-a570-459e-ae4a-fbb6a0f24ca9",
      "title": "",
      "fullFile": "cypress\\e2e\\portfolio-test\\responsive_test.js",
      "file": "cypress\\e2e\\portfolio-test\\responsive_test.js",
      "beforeHooks": [],
      "afterHooks": [],
      "tests": [],
      "suites": [
        {
          "uuid": "9a38fb88-02ea-4f8f-a24b-d99190fdf811",
          "title": "Hamburger Visibility and Functionality Check in Mobile View",
          "fullFile": "",
          "file": "",
          "beforeHooks": [],
          "afterHooks": [],
          "tests": [
            {
              "title": "Should open and close hamburger Menu when is clicked",
              "fullTitle": "Hamburger Visibility and Functionality Check in Mobile View Should open and close hamburger Menu when is clicked",
              "timedOut": null,
              "duration": 24520,
              "state": "passed",
              "speed": "slow",
              "pass": true,
              "fail": false,
              "pending": false,
              "context": null,
              "code": "cy.get('.hamburger').should('be.visible').click();\ncy.get('.nav-menu').should('be.visible');\ncy.get('.hamburger').click();\ncy.get('.nav-menu').should('not.be.visible');",
              "err": {},
              "uuid": "b51c32aa-803f-43a9-94c5-1d3470ab9b86",
              "parentUUID": "9a38fb88-02ea-4f8f-a24b-d99190fdf811",
              "isHook": false,
              "skipped": false
            },
            {
              "title": "Should navigate correctly when each menu is clicked",
              "fullTitle": "Hamburger Visibility and Functionality Check in Mobile View Should navigate correctly when each menu is clicked",
              "timedOut": null,
              "duration": 4660,
              "state": "passed",
              "speed": "fast",
              "pass": true,
              "fail": false,
              "pending": false,
              "context": null,
              "code": "cy.get('.hamburger').should('be.visible');\nconst menus = [{\n  text: 'Home',\n  target: '#home'\n}, {\n  text: 'About Me',\n  target: '#aboutme'\n}, {\n  text: 'Projects',\n  target: '#projects'\n}, {\n  text: 'Certificates',\n  target: '#certificates'\n}, {\n  text: 'Contact',\n  target: '#contact'\n}];\nmenus.forEach(({\n  text,\n  target\n}) => {\n  cy.get('.hamburger').click();\n  cy.get('.nav-menu').contains(text).click();\n  cy.url().should('include', target);\n  cy.get('.nav-menu').should('not.be.visible');\n});",
              "err": {},
              "uuid": "b40191bc-7b86-4136-baca-65a638306bb3",
              "parentUUID": "9a38fb88-02ea-4f8f-a24b-d99190fdf811",
              "isHook": false,
              "skipped": false
            }
          ],
          "suites": [],
          "passes": [
            "b51c32aa-803f-43a9-94c5-1d3470ab9b86",
            "b40191bc-7b86-4136-baca-65a638306bb3"
          ],
          "failures": [],
          "pending": [],
          "skipped": [],
          "duration": 29180,
          "root": false,
          "rootEmpty": false,
          "_timeout": 2000
        }
      ],
      "passes": [],
      "failures": [],
      "pending": [],
      "skipped": [],
      "duration": 0,
      "root": true,
      "rootEmpty": true,
      "_timeout": 2000
    }
  ],
  "meta": {
    "mocha": {
      "version": "7.2.0"
    },
    "mochawesome": {
      "options": {
        "quiet": false,
        "reportFilename": "mochawesome",
        "saveHtml": true,
        "saveJson": true,
        "consoleReporter": "spec",
        "useInlineDiffs": false,
        "code": true
      },
      "version": "7.1.4"
    },
    "marge": {
      "options": {
        "reportDir": "cypress/reports",
        "overwrite": false,
        "html": true,
        "json": true
      },
      "version": "6.3.0"
    }
  }
}