{
  "stats": {
    "suites": 1,
    "tests": 1,
    "passes": 1,
    "pending": 0,
    "failures": 0,
    "start": "2025-10-23T04:41:10.835Z",
    "end": "2025-10-23T04:42:10.940Z",
    "duration": 60105,
    "testsRegistered": 1,
    "passPercent": 100,
    "pendingPercent": 0,
    "other": 0,
    "hasOther": false,
    "skipped": 0,
    "hasSkipped": false
  },
  "results": [
    {
      "uuid": "7ca4fbc6-4eb7-407f-ac11-f05b1dfadff3",
      "title": "",
      "fullFile": "cypress\\e2e\\portfolio-test\\visual_test.js",
      "file": "cypress\\e2e\\portfolio-test\\visual_test.js",
      "beforeHooks": [],
      "afterHooks": [],
      "tests": [],
      "suites": [
        {
          "uuid": "bbe2c392-5f8a-4cd7-a46f-6e26b62946b2",
          "title": "Hamburger Visibility and Functionality Check in Mobile View",
          "fullFile": "",
          "file": "",
          "beforeHooks": [],
          "afterHooks": [],
          "tests": [
            {
              "title": "Should load all images successfully",
              "fullTitle": "Hamburger Visibility and Functionality Check in Mobile View Should load all images successfully",
              "timedOut": null,
              "duration": 58751,
              "state": "passed",
              "speed": "slow",
              "pass": true,
              "fail": false,
              "pending": false,
              "context": null,
              "code": "cy.get('img').each($img => {\n  cy.wrap($img).should('be.visible').and($imgEl => {\n    expect($imgEl[0].naturalWidth).to.be.greaterThan(0);\n  });\n});",
              "err": {},
              "uuid": "7e0173d2-76ad-419d-9924-c1ddbf792931",
              "parentUUID": "bbe2c392-5f8a-4cd7-a46f-6e26b62946b2",
              "isHook": false,
              "skipped": false
            }
          ],
          "suites": [],
          "passes": [
            "7e0173d2-76ad-419d-9924-c1ddbf792931"
          ],
          "failures": [],
          "pending": [],
          "skipped": [],
          "duration": 58751,
          "root": false,
          "rootEmpty": false,
          "_timeout": 2000
        }
      ],
      "passes": [],
      "failures": [],
      "pending": [],
      "skipped": [],
      "duration": 0,
      "root": true,
      "rootEmpty": true,
      "_timeout": 2000
    }
  ],
  "meta": {
    "mocha": {
      "version": "7.2.0"
    },
    "mochawesome": {
      "options": {
        "quiet": false,
        "reportFilename": "mochawesome",
        "saveHtml": true,
        "saveJson": true,
        "consoleReporter": "spec",
        "useInlineDiffs": false,
        "code": true
      },
      "version": "7.1.4"
    },
    "marge": {
      "options": {
        "reportDir": "cypress/reports",
        "overwrite": false,
        "html": true,
        "json": true
      },
      "version": "6.3.0"
    }
  }
}